<?xml version="1.0" encoding="UTF-8"?>
<testng-results retried="2" ignored="0" total="7" passed="4" failed="1" skipped="0">
  <reporter-output>
  </reporter-output>
  <suite started-at="2025-07-30T21:16:11 IST" name="Suite" finished-at="2025-07-30T21:16:23 IST" duration-ms="12128">
    <groups>
      <group name="Sanity">
        <method signature="AppCommons.TestCase3(java.lang.String,java.lang.String)[pri:-1, instance:testng.framework.features.AppCommons@6d763516]" name="TestCase3" class="testng.framework.features.AppCommons"/>
      </group> <!-- Sanity -->
      <group name="Regression">
        <method signature="AppCommons.TestCase1()[pri:2, instance:testng.framework.features.AppCommons@6d763516]" name="TestCase1" class="testng.framework.features.AppCommons"/>
        <method signature="AppCommons.TestCase2()[pri:1, instance:testng.framework.features.AppCommons@6d763516]" name="TestCase2" class="testng.framework.features.AppCommons"/>
      </group> <!-- Regression -->
      <group name="Smoke">
        <method signature="AppCommons.TestCase2()[pri:1, instance:testng.framework.features.AppCommons@6d763516]" name="TestCase2" class="testng.framework.features.AppCommons"/>
      </group> <!-- Smoke -->
    </groups>
    <test started-at="2025-07-30T21:16:11 IST" name="Test" finished-at="2025-07-30T21:16:23 IST" duration-ms="12128">
      <class name="testng.framework.features.AppCommons">
        <test-method is-config="true" signature="startReporting()[pri:0, instance:testng.framework.features.AppCommons@6d763516]" started-at="2025-07-30T21:16:11 IST" name="startReporting" finished-at="2025-07-30T21:16:11 IST" duration-ms="10" status="PASS">
          <reporter-output>
          </reporter-output>
        </test-method> <!-- startReporting -->
        <test-method is-config="true" signature="launchBrowserAndApplication(java.lang.String,java.lang.String)[pri:0, instance:testng.framework.features.AppCommons@6d763516]" started-at="2025-07-30T21:16:11 IST" name="launchBrowserAndApplication" finished-at="2025-07-30T21:16:11 IST" duration-ms="1" status="PASS">
          <params>
            <param index="0">
              <value>
                <![CDATA[chrome]]>
              </value>
            </param>
            <param index="1">
              <value>
                <![CDATA[https://gooogle.com]]>
              </value>
            </param>
          </params>
          <reporter-output>
          </reporter-output>
        </test-method> <!-- launchBrowserAndApplication -->
        <test-method signature="TestCase3(java.lang.String,java.lang.String)[pri:-1, instance:testng.framework.features.AppCommons@6d763516]" started-at="2025-07-30T21:16:11 IST" name="TestCase3" data-provider="loginData" finished-at="2025-07-30T21:16:14 IST" duration-ms="3021" status="PASS">
          <params>
            <param index="0">
              <value>
                <![CDATA[user1]]>
              </value>
            </param>
            <param index="1">
              <value>
                <![CDATA[pass1]]>
              </value>
            </param>
          </params>
          <reporter-output>
          </reporter-output>
        </test-method> <!-- TestCase3 -->
        <test-method is-config="true" signature="closeBrowser1()[pri:0, instance:testng.framework.features.AppCommons@6d763516]" started-at="2025-07-30T21:16:14 IST" name="closeBrowser1" finished-at="2025-07-30T21:16:14 IST" duration-ms="1" status="PASS">
          <reporter-output>
          </reporter-output>
        </test-method> <!-- closeBrowser1 -->
        <test-method is-config="true" signature="launchBrowserAndApplication(java.lang.String,java.lang.String)[pri:0, instance:testng.framework.features.AppCommons@6d763516]" started-at="2025-07-30T21:16:14 IST" name="launchBrowserAndApplication" finished-at="2025-07-30T21:16:14 IST" duration-ms="1" status="PASS">
          <params>
            <param index="0">
              <value>
                <![CDATA[chrome]]>
              </value>
            </param>
            <param index="1">
              <value>
                <![CDATA[https://gooogle.com]]>
              </value>
            </param>
          </params>
          <reporter-output>
          </reporter-output>
        </test-method> <!-- launchBrowserAndApplication -->
        <test-method signature="TestCase3(java.lang.String,java.lang.String)[pri:-1, instance:testng.framework.features.AppCommons@6d763516]" started-at="2025-07-30T21:16:14 IST" name="TestCase3" data-provider="loginData" finished-at="2025-07-30T21:16:17 IST" duration-ms="3014" status="PASS">
          <params>
            <param index="0">
              <value>
                <![CDATA[user2]]>
              </value>
            </param>
            <param index="1">
              <value>
                <![CDATA[pass2]]>
              </value>
            </param>
          </params>
          <reporter-output>
          </reporter-output>
        </test-method> <!-- TestCase3 -->
        <test-method is-config="true" signature="closeBrowser1()[pri:0, instance:testng.framework.features.AppCommons@6d763516]" started-at="2025-07-30T21:16:17 IST" name="closeBrowser1" finished-at="2025-07-30T21:16:17 IST" duration-ms="0" status="PASS">
          <reporter-output>
          </reporter-output>
        </test-method> <!-- closeBrowser1 -->
        <test-method is-config="true" signature="launchBrowserAndApplication(java.lang.String,java.lang.String)[pri:0, instance:testng.framework.features.AppCommons@6d763516]" started-at="2025-07-30T21:16:17 IST" name="launchBrowserAndApplication" finished-at="2025-07-30T21:16:17 IST" duration-ms="0" status="PASS">
          <params>
            <param index="0">
              <value>
                <![CDATA[chrome]]>
              </value>
            </param>
            <param index="1">
              <value>
                <![CDATA[https://gooogle.com]]>
              </value>
            </param>
          </params>
          <reporter-output>
          </reporter-output>
        </test-method> <!-- launchBrowserAndApplication -->
        <test-method signature="TestCase3(java.lang.String,java.lang.String)[pri:-1, instance:testng.framework.features.AppCommons@6d763516]" started-at="2025-07-30T21:16:17 IST" name="TestCase3" data-provider="loginData" finished-at="2025-07-30T21:16:20 IST" duration-ms="3012" status="PASS">
          <params>
            <param index="0">
              <value>
                <![CDATA[user3]]>
              </value>
            </param>
            <param index="1">
              <value>
                <![CDATA[pass3]]>
              </value>
            </param>
          </params>
          <reporter-output>
          </reporter-output>
        </test-method> <!-- TestCase3 -->
        <test-method is-config="true" signature="closeBrowser1()[pri:0, instance:testng.framework.features.AppCommons@6d763516]" started-at="2025-07-30T21:16:20 IST" name="closeBrowser1" finished-at="2025-07-30T21:16:20 IST" duration-ms="1" status="PASS">
          <reporter-output>
          </reporter-output>
        </test-method> <!-- closeBrowser1 -->
        <test-method signature="TestCase2()[pri:1, instance:testng.framework.features.AppCommons@6d763516]" started-at="2025-07-30T21:16:20 IST" name="TestCase2" finished-at="2025-07-30T21:16:23 IST" duration-ms="3006" status="PASS">
          <reporter-output>
          </reporter-output>
        </test-method> <!-- TestCase2 -->
        <test-method is-config="true" signature="launchBrowserAndApplication(java.lang.String,java.lang.String)[pri:0, instance:testng.framework.features.AppCommons@6d763516]" started-at="2025-07-30T21:16:20 IST" name="launchBrowserAndApplication" finished-at="2025-07-30T21:16:20 IST" duration-ms="0" status="PASS">
          <params>
            <param index="0">
              <value>
                <![CDATA[chrome]]>
              </value>
            </param>
            <param index="1">
              <value>
                <![CDATA[https://gooogle.com]]>
              </value>
            </param>
          </params>
          <reporter-output>
          </reporter-output>
        </test-method> <!-- launchBrowserAndApplication -->
        <test-method is-config="true" signature="closeBrowser1()[pri:0, instance:testng.framework.features.AppCommons@6d763516]" started-at="2025-07-30T21:16:23 IST" name="closeBrowser1" finished-at="2025-07-30T21:16:23 IST" duration-ms="2" status="PASS">
          <reporter-output>
          </reporter-output>
        </test-method> <!-- closeBrowser1 -->
        <test-method retried="true" signature="TestCase1()[pri:2, instance:testng.framework.features.AppCommons@6d763516]" started-at="2025-07-30T21:16:23 IST" name="TestCase1" finished-at="2025-07-30T21:16:23 IST" duration-ms="1" status="SKIP">
          <exception class="java.lang.AssertionError">
            <message>
              <![CDATA[Timeout Exception]]>
            </message>
            <full-stacktrace>
              <![CDATA[java.lang.AssertionError: Timeout Exception
at org.testng.Assert.fail(Assert.java:99)
at testng.framework.features.AppCommons.TestCase1(AppCommons.java:12)
at java.base/jdk.internal.reflect.NativeMethodAccessorImpl.invoke0(Native Method)
at java.base/jdk.internal.reflect.NativeMethodAccessorImpl.invoke(NativeMethodAccessorImpl.java:77)
at java.base/jdk.internal.reflect.DelegatingMethodAccessorImpl.invoke(DelegatingMethodAccessorImpl.java:43)
at java.base/java.lang.reflect.Method.invoke(Method.java:568)
at org.testng.internal.MethodInvocationHelper.invokeMethod(MethodInvocationHelper.java:133)
at org.testng.internal.TestInvoker.invokeMethod(TestInvoker.java:598)
at org.testng.internal.TestInvoker.invokeTestMethod(TestInvoker.java:173)
at org.testng.internal.MethodRunner.runInSequence(MethodRunner.java:46)
at org.testng.internal.TestInvoker$MethodInvocationAgent.invoke(TestInvoker.java:824)
at org.testng.internal.TestInvoker.invokeTestMethods(TestInvoker.java:146)
at org.testng.internal.TestMethodWorker.invokeTestMethods(TestMethodWorker.java:146)
at org.testng.internal.TestMethodWorker.run(TestMethodWorker.java:128)
at java.base/java.util.ArrayList.forEach(ArrayList.java:1511)
at org.testng.TestRunner.privateRun(TestRunner.java:794)
at org.testng.TestRunner.run(TestRunner.java:596)
at org.testng.SuiteRunner.runTest(SuiteRunner.java:377)
at org.testng.SuiteRunner.runSequentially(SuiteRunner.java:371)
at org.testng.SuiteRunner.privateRun(SuiteRunner.java:332)
at org.testng.SuiteRunner.run(SuiteRunner.java:276)
at org.testng.SuiteRunnerWorker.runSuite(SuiteRunnerWorker.java:53)
at org.testng.SuiteRunnerWorker.run(SuiteRunnerWorker.java:96)
at org.testng.TestNG.runSuitesSequentially(TestNG.java:1212)
at org.testng.TestNG.runSuitesLocally(TestNG.java:1134)
at org.testng.TestNG.runSuites(TestNG.java:1063)
at org.testng.TestNG.run(TestNG.java:1031)
at org.testng.remote.AbstractRemoteTestNG.run(AbstractRemoteTestNG.java:115)
at org.testng.remote.RemoteTestNG.initAndRun(RemoteTestNG.java:293)
at org.testng.remote.RemoteTestNG.main(RemoteTestNG.java:91)
]]>
            </full-stacktrace>
          </exception> <!-- java.lang.AssertionError -->
          <reporter-output>
          </reporter-output>
        </test-method> <!-- TestCase1 -->
        <test-method is-config="true" signature="launchBrowserAndApplication(java.lang.String,java.lang.String)[pri:0, instance:testng.framework.features.AppCommons@6d763516]" started-at="2025-07-30T21:16:23 IST" name="launchBrowserAndApplication" finished-at="2025-07-30T21:16:23 IST" duration-ms="0" status="PASS">
          <params>
            <param index="0">
              <value>
                <![CDATA[chrome]]>
              </value>
            </param>
            <param index="1">
              <value>
                <![CDATA[https://gooogle.com]]>
              </value>
            </param>
          </params>
          <reporter-output>
          </reporter-output>
        </test-method> <!-- launchBrowserAndApplication -->
        <test-method is-config="true" signature="closeBrowser1()[pri:0, instance:testng.framework.features.AppCommons@6d763516]" started-at="2025-07-30T21:16:23 IST" name="closeBrowser1" finished-at="2025-07-30T21:16:23 IST" duration-ms="1" status="PASS">
          <reporter-output>
          </reporter-output>
        </test-method> <!-- closeBrowser1 -->
        <test-method is-config="true" signature="launchBrowserAndApplication(java.lang.String,java.lang.String)[pri:0, instance:testng.framework.features.AppCommons@6d763516]" started-at="2025-07-30T21:16:23 IST" name="launchBrowserAndApplication" finished-at="2025-07-30T21:16:23 IST" duration-ms="0" status="PASS">
          <params>
            <param index="0">
              <value>
                <![CDATA[chrome]]>
              </value>
            </param>
            <param index="1">
              <value>
                <![CDATA[https://gooogle.com]]>
              </value>
            </param>
          </params>
          <reporter-output>
          </reporter-output>
        </test-method> <!-- launchBrowserAndApplication -->
        <test-method retried="true" signature="TestCase1()[pri:2, instance:testng.framework.features.AppCommons@6d763516]" started-at="2025-07-30T21:16:23 IST" name="TestCase1" finished-at="2025-07-30T21:16:23 IST" duration-ms="0" status="SKIP">
          <exception class="java.lang.AssertionError">
            <message>
              <![CDATA[Timeout Exception]]>
            </message>
            <full-stacktrace>
              <![CDATA[java.lang.AssertionError: Timeout Exception
at org.testng.Assert.fail(Assert.java:99)
at testng.framework.features.AppCommons.TestCase1(AppCommons.java:12)
at java.base/jdk.internal.reflect.NativeMethodAccessorImpl.invoke0(Native Method)
at java.base/jdk.internal.reflect.NativeMethodAccessorImpl.invoke(NativeMethodAccessorImpl.java:77)
at java.base/jdk.internal.reflect.DelegatingMethodAccessorImpl.invoke(DelegatingMethodAccessorImpl.java:43)
at java.base/java.lang.reflect.Method.invoke(Method.java:568)
at org.testng.internal.MethodInvocationHelper.invokeMethod(MethodInvocationHelper.java:133)
at org.testng.internal.TestInvoker.invokeMethod(TestInvoker.java:598)
at org.testng.internal.TestInvoker.retryFailed(TestInvoker.java:213)
at org.testng.internal.MethodRunner.runInSequence(MethodRunner.java:58)
at org.testng.internal.TestInvoker$MethodInvocationAgent.invoke(TestInvoker.java:824)
at org.testng.internal.TestInvoker.invokeTestMethods(TestInvoker.java:146)
at org.testng.internal.TestMethodWorker.invokeTestMethods(TestMethodWorker.java:146)
at org.testng.internal.TestMethodWorker.run(TestMethodWorker.java:128)
at java.base/java.util.ArrayList.forEach(ArrayList.java:1511)
at org.testng.TestRunner.privateRun(TestRunner.java:794)
at org.testng.TestRunner.run(TestRunner.java:596)
at org.testng.SuiteRunner.runTest(SuiteRunner.java:377)
at org.testng.SuiteRunner.runSequentially(SuiteRunner.java:371)
at org.testng.SuiteRunner.privateRun(SuiteRunner.java:332)
at org.testng.SuiteRunner.run(SuiteRunner.java:276)
at org.testng.SuiteRunnerWorker.runSuite(SuiteRunnerWorker.java:53)
at org.testng.SuiteRunnerWorker.run(SuiteRunnerWorker.java:96)
at org.testng.TestNG.runSuitesSequentially(TestNG.java:1212)
at org.testng.TestNG.runSuitesLocally(TestNG.java:1134)
at org.testng.TestNG.runSuites(TestNG.java:1063)
at org.testng.TestNG.run(TestNG.java:1031)
at org.testng.remote.AbstractRemoteTestNG.run(AbstractRemoteTestNG.java:115)
at org.testng.remote.RemoteTestNG.initAndRun(RemoteTestNG.java:293)
at org.testng.remote.RemoteTestNG.main(RemoteTestNG.java:91)
]]>
            </full-stacktrace>
          </exception> <!-- java.lang.AssertionError -->
          <reporter-output>
          </reporter-output>
        </test-method> <!-- TestCase1 -->
        <test-method is-config="true" signature="launchBrowserAndApplication(java.lang.String,java.lang.String)[pri:0, instance:testng.framework.features.AppCommons@6d763516]" started-at="2025-07-30T21:16:23 IST" name="launchBrowserAndApplication" finished-at="2025-07-30T21:16:23 IST" duration-ms="0" status="PASS">
          <params>
            <param index="0">
              <value>
                <![CDATA[chrome]]>
              </value>
            </param>
            <param index="1">
              <value>
                <![CDATA[https://gooogle.com]]>
              </value>
            </param>
          </params>
          <reporter-output>
          </reporter-output>
        </test-method> <!-- launchBrowserAndApplication -->
        <test-method is-config="true" signature="closeBrowser1()[pri:0, instance:testng.framework.features.AppCommons@6d763516]" started-at="2025-07-30T21:16:23 IST" name="closeBrowser1" finished-at="2025-07-30T21:16:23 IST" duration-ms="0" status="PASS">
          <reporter-output>
          </reporter-output>
        </test-method> <!-- closeBrowser1 -->
        <test-method signature="TestCase1()[pri:2, instance:testng.framework.features.AppCommons@6d763516]" started-at="2025-07-30T21:16:23 IST" name="TestCase1" finished-at="2025-07-30T21:16:23 IST" duration-ms="1" status="FAIL">
          <exception class="java.lang.AssertionError">
            <message>
              <![CDATA[Timeout Exception]]>
            </message>
            <full-stacktrace>
              <![CDATA[java.lang.AssertionError: Timeout Exception
at org.testng.Assert.fail(Assert.java:99)
at testng.framework.features.AppCommons.TestCase1(AppCommons.java:12)
at java.base/jdk.internal.reflect.NativeMethodAccessorImpl.invoke0(Native Method)
at java.base/jdk.internal.reflect.NativeMethodAccessorImpl.invoke(NativeMethodAccessorImpl.java:77)
at java.base/jdk.internal.reflect.DelegatingMethodAccessorImpl.invoke(DelegatingMethodAccessorImpl.java:43)
at java.base/java.lang.reflect.Method.invoke(Method.java:568)
at org.testng.internal.MethodInvocationHelper.invokeMethod(MethodInvocationHelper.java:133)
at org.testng.internal.TestInvoker.invokeMethod(TestInvoker.java:598)
at org.testng.internal.TestInvoker.retryFailed(TestInvoker.java:213)
at org.testng.internal.MethodRunner.runInSequence(MethodRunner.java:58)
at org.testng.internal.TestInvoker$MethodInvocationAgent.invoke(TestInvoker.java:824)
at org.testng.internal.TestInvoker.invokeTestMethods(TestInvoker.java:146)
at org.testng.internal.TestMethodWorker.invokeTestMethods(TestMethodWorker.java:146)
at org.testng.internal.TestMethodWorker.run(TestMethodWorker.java:128)
at java.base/java.util.ArrayList.forEach(ArrayList.java:1511)
at org.testng.TestRunner.privateRun(TestRunner.java:794)
at org.testng.TestRunner.run(TestRunner.java:596)
at org.testng.SuiteRunner.runTest(SuiteRunner.java:377)
at org.testng.SuiteRunner.runSequentially(SuiteRunner.java:371)
at org.testng.SuiteRunner.privateRun(SuiteRunner.java:332)
at org.testng.SuiteRunner.run(SuiteRunner.java:276)
at org.testng.SuiteRunnerWorker.runSuite(SuiteRunnerWorker.java:53)
at org.testng.SuiteRunnerWorker.run(SuiteRunnerWorker.java:96)
at org.testng.TestNG.runSuitesSequentially(TestNG.java:1212)
at org.testng.TestNG.runSuitesLocally(TestNG.java:1134)
at org.testng.TestNG.runSuites(TestNG.java:1063)
at org.testng.TestNG.run(TestNG.java:1031)
at org.testng.remote.AbstractRemoteTestNG.run(AbstractRemoteTestNG.java:115)
at org.testng.remote.RemoteTestNG.initAndRun(RemoteTestNG.java:293)
at org.testng.remote.RemoteTestNG.main(RemoteTestNG.java:91)
]]>
            </full-stacktrace>
          </exception> <!-- java.lang.AssertionError -->
          <reporter-output>
          </reporter-output>
        </test-method> <!-- TestCase1 -->
        <test-method is-config="true" signature="closeBrowser1()[pri:0, instance:testng.framework.features.AppCommons@6d763516]" started-at="2025-07-30T21:16:23 IST" name="closeBrowser1" finished-at="2025-07-30T21:16:23 IST" duration-ms="0" status="PASS">
          <reporter-output>
          </reporter-output>
        </test-method> <!-- closeBrowser1 -->
        <test-method is-config="true" signature="stopReporting()[pri:0, instance:testng.framework.features.AppCommons@6d763516]" started-at="2025-07-30T21:16:23 IST" name="stopReporting" finished-at="2025-07-30T21:16:23 IST" duration-ms="1" status="PASS">
          <reporter-output>
          </reporter-output>
        </test-method> <!-- stopReporting -->
      </class> <!-- testng.framework.features.AppCommons -->
    </test> <!-- Test -->
  </suite> <!-- Suite -->
</testng-results>
